
The following have been reloaded with a version change:
  1) python/3.10.2 => python/3.9.6

Sun Dec  8 18:59:42 2024       
+-----------------------------------------------------------------------------------------+
| NVIDIA-SMI 550.54.15              Driver Version: 550.54.15      CUDA Version: 12.4     |
|-----------------------------------------+------------------------+----------------------+
| GPU  Name                 Persistence-M | Bus-Id          Disp.A | Volatile Uncorr. ECC |
| Fan  Temp   Perf          Pwr:Usage/Cap |           Memory-Usage | GPU-Util  Compute M. |
|                                         |                        |               MIG M. |
|=========================================+========================+======================|
|   0  Tesla V100-SXM2-32GB           On  |   00000000:3B:00.0 Off |                    0 |
| N/A   32C    P0             41W /  300W |       0MiB /  32768MiB |      0%      Default |
|                                         |                        |                  N/A |
+-----------------------------------------+------------------------+----------------------+
                                                                                         
+-----------------------------------------------------------------------------------------+
| Processes:                                                                              |
|  GPU   GI   CI        PID   Type   Process name                              GPU Memory |
|        ID   ID                                                               Usage      |
|=========================================================================================|
|  No running processes found                                                             |
+-----------------------------------------------------------------------------------------+
created virtual environment CPython3.9.6.final.0-64 in 18116ms
  creator CPython3Posix(dest=/localscratch/y369liu.50006366.0/env, clear=False, global=False)
  seeder FromAppData(download=False, pip=latest, setuptools=latest, wheel=latest, via=copy, app_data_dir=/home/y369liu/.local/share/virtualenv/seed-app-data/v1.0.1)
  activators BashActivator,CShellActivator,FishActivator,PowerShellActivator,PythonActivator,XonshActivator
Ignoring pip: markers 'python_version < "3"' don't match your environment
Looking in links: /cvmfs/soft.computecanada.ca/custom/python/wheelhouse/gentoo2020/avx2, /cvmfs/soft.computecanada.ca/custom/python/wheelhouse/gentoo/avx2, /cvmfs/soft.computecanada.ca/custom/python/wheelhouse/gentoo2020/generic, /cvmfs/soft.computecanada.ca/custom/python/wheelhouse/gentoo/generic, /cvmfs/soft.computecanada.ca/custom/python/wheelhouse/generic
Processing /cvmfs/soft.computecanada.ca/custom/python/wheelhouse/generic/pip-24.2+computecanada-py3-none-any.whl
Installing collected packages: pip
  Attempting uninstall: pip
    Found existing installation: pip 20.0.2
    Uninstalling pip-20.0.2:
      Successfully uninstalled pip-20.0.2
Successfully installed pip-24.2+computecanada
Looking in indexes: https://pypi.org/simple, https://download.pytorch.org/whl/cu117
Looking in links: /cvmfs/soft.computecanada.ca/custom/python/wheelhouse/gentoo2020/avx2, /cvmfs/soft.computecanada.ca/custom/python/wheelhouse/gentoo/avx2, /cvmfs/soft.computecanada.ca/custom/python/wheelhouse/gentoo2020/generic, /cvmfs/soft.computecanada.ca/custom/python/wheelhouse/gentoo/generic, /cvmfs/soft.computecanada.ca/custom/python/wheelhouse/generic
Collecting torch==1.13.1+cu117
  Using cached https://download.pytorch.org/whl/cu117/torch-1.13.1%2Bcu117-cp39-cp39-linux_x86_64.whl (1801.8 MB)
Collecting torchvision==0.14.1+cu117
  Using cached https://download.pytorch.org/whl/cu117/torchvision-0.14.1%2Bcu117-cp39-cp39-linux_x86_64.whl (24.3 MB)
Collecting torchaudio==0.13.1
  Using cached https://download.pytorch.org/whl/cu117/torchaudio-0.13.1%2Bcu117-cp39-cp39-linux_x86_64.whl (4.2 MB)
Requirement already satisfied: typing-extensions in /cvmfs/soft.computecanada.ca/easybuild/software/2020/avx2/Core/scipy-stack/2023b/lib/python3.9/site-packages (from torch==1.13.1+cu117) (4.7.1+computecanada)
Requirement already satisfied: numpy in /cvmfs/soft.computecanada.ca/easybuild/software/2020/avx2/Core/scipy-stack/2023b/lib/python3.9/site-packages (from torchvision==0.14.1+cu117) (1.25.2+computecanada)
Requirement already satisfied: requests in /cvmfs/soft.computecanada.ca/easybuild/software/2020/avx2/Core/scipy-stack/2023b/lib/python3.9/site-packages (from torchvision==0.14.1+cu117) (2.31.0+computecanada)
Requirement already satisfied: pillow!=8.3.*,>=5.3.0 in /cvmfs/soft.computecanada.ca/easybuild/software/2020/avx2/Core/scipy-stack/2023b/lib/python3.9/site-packages (from torchvision==0.14.1+cu117) (10.0.0+computecanada)
Requirement already satisfied: charset-normalizer<4,>=2 in /cvmfs/soft.computecanada.ca/easybuild/software/2020/avx2/Core/scipy-stack/2023b/lib/python3.9/site-packages (from requests->torchvision==0.14.1+cu117) (3.2.0+computecanada)
Requirement already satisfied: idna<4,>=2.5 in /cvmfs/soft.computecanada.ca/easybuild/software/2020/avx2/Core/scipy-stack/2023b/lib/python3.9/site-packages (from requests->torchvision==0.14.1+cu117) (3.4+computecanada)
Requirement already satisfied: urllib3<3,>=1.21.1 in /cvmfs/soft.computecanada.ca/easybuild/software/2020/avx2/Core/scipy-stack/2023b/lib/python3.9/site-packages (from requests->torchvision==0.14.1+cu117) (2.0.4+computecanada)
Requirement already satisfied: certifi>=2017.4.17 in /cvmfs/soft.computecanada.ca/easybuild/software/2020/avx2/Core/scipy-stack/2023b/lib/python3.9/site-packages (from requests->torchvision==0.14.1+cu117) (2023.7.22+computecanada)
Installing collected packages: torch, torchvision, torchaudio
Successfully installed torch-1.13.1+cu117 torchaudio-0.13.1+cu117 torchvision-0.14.1+cu117
Looking in links: /cvmfs/soft.computecanada.ca/custom/python/wheelhouse/gentoo2020/avx2, /cvmfs/soft.computecanada.ca/custom/python/wheelhouse/gentoo/avx2, /cvmfs/soft.computecanada.ca/custom/python/wheelhouse/gentoo2020/generic, /cvmfs/soft.computecanada.ca/custom/python/wheelhouse/gentoo/generic, /cvmfs/soft.computecanada.ca/custom/python/wheelhouse/generic
Processing ./causal_conv1d-1.4.0-cp39-cp39-linux_x86_64.whl
Requirement already satisfied: torch in /localscratch/y369liu.50006366.0/env/lib/python3.9/site-packages (from causal-conv1d==1.4.0) (1.13.1+cu117)
Requirement already satisfied: packaging in /cvmfs/soft.computecanada.ca/easybuild/software/2020/avx2/Core/ipykernel/2023b/lib/python3.9/site-packages (from causal-conv1d==1.4.0) (23.1+computecanada)
Processing /cvmfs/soft.computecanada.ca/custom/python/wheelhouse/generic/ninja-1.11.1+computecanada-cp39-cp39-linux_x86_64.whl (from causal-conv1d==1.4.0)
Requirement already satisfied: typing-extensions in /cvmfs/soft.computecanada.ca/easybuild/software/2020/avx2/Core/scipy-stack/2023b/lib/python3.9/site-packages (from torch->causal-conv1d==1.4.0) (4.7.1+computecanada)
Installing collected packages: ninja, causal-conv1d
Successfully installed causal-conv1d-1.4.0 ninja-1.11.1+computecanada
Looking in links: /cvmfs/soft.computecanada.ca/custom/python/wheelhouse/gentoo2020/avx2, /cvmfs/soft.computecanada.ca/custom/python/wheelhouse/gentoo/avx2, /cvmfs/soft.computecanada.ca/custom/python/wheelhouse/gentoo2020/generic, /cvmfs/soft.computecanada.ca/custom/python/wheelhouse/gentoo/generic, /cvmfs/soft.computecanada.ca/custom/python/wheelhouse/generic
Processing ./triton-2.1.0-cp39-cp39-linux_x86_64.whl
Processing /cvmfs/soft.computecanada.ca/custom/python/wheelhouse/generic/filelock-3.16.1+computecanada-py3-none-any.whl (from triton==2.1.0)
Installing collected packages: filelock, triton
Successfully installed filelock-3.16.1+computecanada triton-2.1.0
Looking in links: /cvmfs/soft.computecanada.ca/custom/python/wheelhouse/gentoo2020/avx2, /cvmfs/soft.computecanada.ca/custom/python/wheelhouse/gentoo/avx2, /cvmfs/soft.computecanada.ca/custom/python/wheelhouse/gentoo2020/generic, /cvmfs/soft.computecanada.ca/custom/python/wheelhouse/gentoo/generic, /cvmfs/soft.computecanada.ca/custom/python/wheelhouse/generic
Processing /cvmfs/soft.computecanada.ca/custom/python/wheelhouse/generic/einops-0.8.0+computecanada-py3-none-any.whl (from -r requirements.txt (line 1))
Requirement already satisfied: filelock==3.16.1+computecanada in /localscratch/y369liu.50006366.0/env/lib/python3.9/site-packages (from -r requirements.txt (line 2)) (3.16.1+computecanada)
Processing /cvmfs/soft.computecanada.ca/custom/python/wheelhouse/generic/fsspec-2024.10.0+computecanada-py3-none-any.whl (from -r requirements.txt (line 3))
Processing /cvmfs/soft.computecanada.ca/custom/python/wheelhouse/generic/huggingface_hub-0.26.2+computecanada-py3-none-any.whl (from -r requirements.txt (line 4))
Processing /cvmfs/soft.computecanada.ca/custom/python/wheelhouse/generic/joblib-1.4.2+computecanada-py3-none-any.whl (from -r requirements.txt (line 5))
Collecting lit==18.1.8 (from -r requirements.txt (line 6))
  Using cached lit-18.1.8-py3-none-any.whl.metadata (2.5 kB)
Collecting mamba-ssm==2.1.0 (from -r requirements.txt (line 7))
  Using cached mamba_ssm-2.1.0-cp39-cp39-linux_x86_64.whl
Requirement already satisfied: ninja==1.11.1+computecanada in /localscratch/y369liu.50006366.0/env/lib/python3.9/site-packages (from -r requirements.txt (line 8)) (1.11.1+computecanada)
Processing /cvmfs/soft.computecanada.ca/custom/python/wheelhouse/generic/regex-2023.8.8+computecanada-cp39-cp39-linux_x86_64.whl (from -r requirements.txt (line 9))
Processing /cvmfs/soft.computecanada.ca/custom/python/wheelhouse/generic/safetensors-0.4.1+computecanada-cp39-cp39-linux_x86_64.whl (from -r requirements.txt (line 10))
Processing /cvmfs/soft.computecanada.ca/custom/python/wheelhouse/gentoo/generic/scikit_learn-1.3.0+computecanada-cp39-cp39-linux_x86_64.whl (from -r requirements.txt (line 11))
Processing /cvmfs/soft.computecanada.ca/custom/python/wheelhouse/generic/sklearn-0.0+computecanada-py2.py3-none-any.whl (from -r requirements.txt (line 12))
Processing /cvmfs/soft.computecanada.ca/custom/python/wheelhouse/generic/termcolor-2.5.0+computecanada-py3-none-any.whl (from -r requirements.txt (line 13))
Processing /cvmfs/soft.computecanada.ca/custom/python/wheelhouse/generic/threadpoolctl-3.5.0+computecanada-py3-none-any.whl (from -r requirements.txt (line 14))
Processing /cvmfs/soft.computecanada.ca/custom/python/wheelhouse/generic/timm-1.0.11+computecanada-py3-none-any.whl (from -r requirements.txt (line 15))
Processing /cvmfs/soft.computecanada.ca/custom/python/wheelhouse/gentoo/generic/tokenizers-0.15.0+computecanada-cp39-cp39-linux_x86_64.whl (from -r requirements.txt (line 16))
Requirement already satisfied: torch==1.13.1+cu117 in /localscratch/y369liu.50006366.0/env/lib/python3.9/site-packages (from -r requirements.txt (line 17)) (1.13.1+cu117)
Requirement already satisfied: torchaudio==0.13.1+cu117 in /localscratch/y369liu.50006366.0/env/lib/python3.9/site-packages (from -r requirements.txt (line 18)) (0.13.1+cu117)
Requirement already satisfied: torchvision==0.14.1+cu117 in /localscratch/y369liu.50006366.0/env/lib/python3.9/site-packages (from -r requirements.txt (line 19)) (0.14.1+cu117)
Processing /cvmfs/soft.computecanada.ca/custom/python/wheelhouse/generic/tqdm-4.67.0+computecanada-py3-none-any.whl (from -r requirements.txt (line 20))
Processing /cvmfs/soft.computecanada.ca/custom/python/wheelhouse/generic/transformers-4.39.3+computecanada-py3-none-any.whl (from -r requirements.txt (line 21))
Processing /cvmfs/soft.computecanada.ca/custom/python/wheelhouse/generic/yacs-0.1.8+computecanada-py3-none-any.whl (from -r requirements.txt (line 22))
Requirement already satisfied: packaging>=20.9 in /cvmfs/soft.computecanada.ca/easybuild/software/2020/avx2/Core/ipykernel/2023b/lib/python3.9/site-packages (from huggingface_hub==0.26.2+computecanada->-r requirements.txt (line 4)) (23.1+computecanada)
Requirement already satisfied: pyyaml>=5.1 in /cvmfs/soft.computecanada.ca/easybuild/software/2020/avx2/Core/scipy-stack/2023b/lib/python3.9/site-packages (from huggingface_hub==0.26.2+computecanada->-r requirements.txt (line 4)) (6.0.1+computecanada)
Requirement already satisfied: requests in /cvmfs/soft.computecanada.ca/easybuild/software/2020/avx2/Core/scipy-stack/2023b/lib/python3.9/site-packages (from huggingface_hub==0.26.2+computecanada->-r requirements.txt (line 4)) (2.31.0+computecanada)
Requirement already satisfied: typing-extensions>=3.7.4.3 in /cvmfs/soft.computecanada.ca/easybuild/software/2020/avx2/Core/scipy-stack/2023b/lib/python3.9/site-packages (from huggingface_hub==0.26.2+computecanada->-r requirements.txt (line 4)) (4.7.1+computecanada)
Requirement already satisfied: triton in /localscratch/y369liu.50006366.0/env/lib/python3.9/site-packages (from mamba-ssm==2.1.0->-r requirements.txt (line 7)) (2.1.0)
Requirement already satisfied: numpy>=1.24 in /cvmfs/soft.computecanada.ca/easybuild/software/2020/avx2/Core/scipy-stack/2023b/lib/python3.9/site-packages (from scikit_learn==1.3.0+computecanada->-r requirements.txt (line 11)) (1.25.2+computecanada)
Requirement already satisfied: scipy>=1.5.0 in /cvmfs/soft.computecanada.ca/easybuild/software/2020/avx2/Core/scipy-stack/2023b/lib/python3.9/site-packages (from scikit_learn==1.3.0+computecanada->-r requirements.txt (line 11)) (1.11.2+computecanada)
Requirement already satisfied: pillow!=8.3.*,>=5.3.0 in /cvmfs/soft.computecanada.ca/easybuild/software/2020/avx2/Core/scipy-stack/2023b/lib/python3.9/site-packages (from torchvision==0.14.1+cu117->-r requirements.txt (line 19)) (10.0.0+computecanada)
Requirement already satisfied: charset-normalizer<4,>=2 in /cvmfs/soft.computecanada.ca/easybuild/software/2020/avx2/Core/scipy-stack/2023b/lib/python3.9/site-packages (from requests->huggingface_hub==0.26.2+computecanada->-r requirements.txt (line 4)) (3.2.0+computecanada)
Requirement already satisfied: idna<4,>=2.5 in /cvmfs/soft.computecanada.ca/easybuild/software/2020/avx2/Core/scipy-stack/2023b/lib/python3.9/site-packages (from requests->huggingface_hub==0.26.2+computecanada->-r requirements.txt (line 4)) (3.4+computecanada)
Requirement already satisfied: urllib3<3,>=1.21.1 in /cvmfs/soft.computecanada.ca/easybuild/software/2020/avx2/Core/scipy-stack/2023b/lib/python3.9/site-packages (from requests->huggingface_hub==0.26.2+computecanada->-r requirements.txt (line 4)) (2.0.4+computecanada)
Requirement already satisfied: certifi>=2017.4.17 in /cvmfs/soft.computecanada.ca/easybuild/software/2020/avx2/Core/scipy-stack/2023b/lib/python3.9/site-packages (from requests->huggingface_hub==0.26.2+computecanada->-r requirements.txt (line 4)) (2023.7.22+computecanada)
Using cached lit-18.1.8-py3-none-any.whl (96 kB)
Installing collected packages: lit, yacs, tqdm, threadpoolctl, termcolor, safetensors, regex, joblib, fsspec, einops, scikit_learn, huggingface_hub, tokenizers, timm, sklearn, transformers, mamba-ssm
Successfully installed einops-0.8.0+computecanada fsspec-2024.10.0+computecanada huggingface_hub-0.26.2+computecanada joblib-1.4.2+computecanada lit-18.1.8 mamba-ssm-2.1.0 regex-2023.8.8+computecanada safetensors-0.4.1+computecanada scikit_learn-1.3.0+computecanada sklearn-0.0+computecanada termcolor-2.5.0+computecanada threadpoolctl-3.5.0+computecanada timm-1.0.11+computecanada tokenizers-0.15.0+computecanada tqdm-4.67.0+computecanada transformers-4.39.3+computecanada yacs-0.1.8+computecanada
Looking in links: /cvmfs/soft.computecanada.ca/custom/python/wheelhouse/gentoo2020/avx2, /cvmfs/soft.computecanada.ca/custom/python/wheelhouse/gentoo/avx2, /cvmfs/soft.computecanada.ca/custom/python/wheelhouse/gentoo2020/generic, /cvmfs/soft.computecanada.ca/custom/python/wheelhouse/gentoo/generic, /cvmfs/soft.computecanada.ca/custom/python/wheelhouse/generic
Processing ./tree_generate-1.0-cp39-cp39-linux_x86_64.whl
Installing collected packages: tree-generate
Successfully installed tree-generate-1.0
/localscratch/y369liu.50006366.0/env/lib/python3.9/site-packages/timm/models/layers/__init__.py:48: FutureWarning: Importing from timm.models.layers is deprecated, please import via timm.layers
  warnings.warn(f"Importing from {__name__} is deprecated, please import via timm.layers", FutureWarning)
=> merge config from config/config.yaml
[2024-12-08 19:01:53 config](main_single.py 500): INFO Full config saved to output/config/config.json
[2024-12-08 19:01:53 config](main_single.py 503): INFO AUG:
  FLIP: false
  MIXTURE: false
  MIXUP: 0.0
  RADIATION: false
BASE:
- ''
DATA:
  BATCH_SIZE: 64
  CENTER_PIXEL: true
  CHANNELS: 200
  DATASET: IP
  DATA_PATH: datasets
  IGNOR_LABELS:
  - 0
  INTERPOLATION: bicubic
  NUM_WORKERS: 8
  PATCH_SIZE: 17
  PIN_MEMORY: true
  SAMPLE_MODE: fixed
  SUPERVISION: full
  TEST_SIZE: 20
  TRAIN_SIZE: 70
EVAL_FREQ: 1
EVAL_MODE: false
LOCAL_RANK: 0
MODEL:
  ATTENTION_HEAD: 8
  DEPTHS:
  - 1
  - 2
  - 1
  DROP_PATH_RATE: 0.1
  DROP_PATH_TYPE: linear
  DROP_RATE: 0.0
  EMBED_DIMENSION: 64
  GROUP_NORM: true
  GROUP_NUM: 4
  HEAD_TYPE: AP
  HIDDEN_LEN:
  - 256
  - 64
  - 16
  LABEL_SMOOTHING: 0.0
  NAME: config
  NUM_CLASSES: 17
  PRETRAINED: ''
  RESUME: ''
  SPA_QUERY_LEN: 5
  SPE_HEAD_DIM:
  - 64
  - 16
  - 4
  TYPE: v1
  V2_RESIZE: true
N_RUNS: 1
OUTPUT: output/config
PRINT_FREQ: 1
SAVE_CKPT_NUM: 1
SAVE_FREQ: 1
SEED: 0
TAG: default
TEST:
  CROP: true
  SEQUENTIAL: false
  STRIDE: 1
THROUGHPUT_MODE: false
TRAIN:
  AUTO_RESUME: true
  BASE_LR: 0.001
  EPOCHS: 200
  LR_LAYER_DECAY: false
  LR_LAYER_DECAY_RATIO: 0.875
  LR_SCHEDULER:
    DECAY_EPOCHS: 20
    DECAY_RATE: 0.1
    NAME: cosine
  MIN_LR: 1.0e-05
  OPTIMIZER:
    BETAS:
    - 0.9
    - 0.999
    DCN_LR_MUL: null
    EPS: 1.0e-08
    FREEZE_BACKBONE: null
    MOMENTUM: 0.9
    NAME: adamw
    USE_ZERO: false
  START_EPOCH: 0
  WARMUP_EPOCHS: 15
  WARMUP_LR: 1.0e-06
  WEIGHT_DECAY: 0.0005

[2024-12-08 19:01:54 config](main_single.py 193): INFO number of params: 1032864
All checkpoints founded in output/config: ['ckpt_epoch_best.pth', 'ckpt_epoch_199.pth']
The latest checkpoint founded: output/config/ckpt_epoch_199.pth
[2024-12-08 19:01:54 config](main_single.py 216): INFO auto resuming from output/config/ckpt_epoch_199.pth
[2024-12-08 19:01:54 config](util_train.py 165): INFO ==============> Resuming form output/config/ckpt_epoch_199.pth....................
resuming model
Traceback (most recent call last):
  File "/project/6079336/y369liu/HSI/HSIClassification/main_single.py", line 506, in <module>
    main(config)
  File "/project/6079336/y369liu/HSI/HSIClassification/main_single.py", line 224, in main
    max_accuracy = load_checkpoint(config, model, optimizer,
  File "/project/6079336/y369liu/HSI/HSIClassification/utils/util_train.py", line 175, in load_checkpoint
    msg = model.load_state_dict(model_checkpoint, strict=False)
  File "/localscratch/y369liu.50006366.0/env/lib/python3.9/site-packages/torch/nn/modules/module.py", line 1671, in load_state_dict
    raise RuntimeError('Error(s) in loading state_dict for {}:\n\t{}'.format(
RuntimeError: Error(s) in loading state_dict for Main_Model:
	size mismatch for levels.0.ssd_blocks.0.spe_mamba.in_proj.weight: copying a param with shape torch.Size([648, 128]) from checkpoint, the shape in current model is torch.Size([1160, 256]).
	size mismatch for levels.0.ssd_blocks.0.spe_mamba.conv1d.weight: copying a param with shape torch.Size([384, 1, 4]) from checkpoint, the shape in current model is torch.Size([640, 1, 4]).
	size mismatch for levels.0.ssd_blocks.0.spe_mamba.conv1d.bias: copying a param with shape torch.Size([384]) from checkpoint, the shape in current model is torch.Size([640]).
	size mismatch for levels.0.ssd_blocks.0.spe_mamba.norm.weight: copying a param with shape torch.Size([256]) from checkpoint, the shape in current model is torch.Size([512]).
	size mismatch for levels.0.ssd_blocks.0.spe_mamba.out_proj.weight: copying a param with shape torch.Size([128, 256]) from checkpoint, the shape in current model is torch.Size([256, 512]).
	size mismatch for levels.0.ssd_blocks.0.spe_norm.weight: copying a param with shape torch.Size([128]) from checkpoint, the shape in current model is torch.Size([256]).
	size mismatch for levels.0.ssd_blocks.0.spe_norm.bias: copying a param with shape torch.Size([128]) from checkpoint, the shape in current model is torch.Size([256]).
	size mismatch for levels.0.ssd_blocks.0.linear1.0.weight: copying a param with shape torch.Size([128, 81]) from checkpoint, the shape in current model is torch.Size([256, 289]).
	size mismatch for levels.0.ssd_blocks.0.linear1.0.bias: copying a param with shape torch.Size([128]) from checkpoint, the shape in current model is torch.Size([256]).
	size mismatch for levels.0.ssd_blocks.0.linear2.0.weight: copying a param with shape torch.Size([81, 128]) from checkpoint, the shape in current model is torch.Size([289, 256]).
	size mismatch for levels.0.ssd_blocks.0.linear2.0.bias: copying a param with shape torch.Size([81]) from checkpoint, the shape in current model is torch.Size([289]).
	size mismatch for levels.1.ssd_blocks.0.linear1.0.weight: copying a param with shape torch.Size([64, 25]) from checkpoint, the shape in current model is torch.Size([64, 81]).
	size mismatch for levels.1.ssd_blocks.0.linear2.0.weight: copying a param with shape torch.Size([25, 64]) from checkpoint, the shape in current model is torch.Size([81, 64]).
	size mismatch for levels.1.ssd_blocks.0.linear2.0.bias: copying a param with shape torch.Size([25]) from checkpoint, the shape in current model is torch.Size([81]).
	size mismatch for levels.1.ssd_blocks.1.linear1.0.weight: copying a param with shape torch.Size([64, 25]) from checkpoint, the shape in current model is torch.Size([64, 81]).
	size mismatch for levels.1.ssd_blocks.1.linear2.0.weight: copying a param with shape torch.Size([25, 64]) from checkpoint, the shape in current model is torch.Size([81, 64]).
	size mismatch for levels.1.ssd_blocks.1.linear2.0.bias: copying a param with shape torch.Size([25]) from checkpoint, the shape in current model is torch.Size([81]).
	size mismatch for levels.2.ssd_blocks.0.spe_mamba.in_proj.weight: copying a param with shape torch.Size([264, 32]) from checkpoint, the shape in current model is torch.Size([200, 16]).
	size mismatch for levels.2.ssd_blocks.0.spe_mamba.conv1d.weight: copying a param with shape torch.Size([192, 1, 4]) from checkpoint, the shape in current model is torch.Size([160, 1, 4]).
	size mismatch for levels.2.ssd_blocks.0.spe_mamba.conv1d.bias: copying a param with shape torch.Size([192]) from checkpoint, the shape in current model is torch.Size([160]).
	size mismatch for levels.2.ssd_blocks.0.spe_mamba.norm.weight: copying a param with shape torch.Size([64]) from checkpoint, the shape in current model is torch.Size([32]).
	size mismatch for levels.2.ssd_blocks.0.spe_mamba.out_proj.weight: copying a param with shape torch.Size([32, 64]) from checkpoint, the shape in current model is torch.Size([16, 32]).
	size mismatch for levels.2.ssd_blocks.0.spe_norm.weight: copying a param with shape torch.Size([32]) from checkpoint, the shape in current model is torch.Size([16]).
	size mismatch for levels.2.ssd_blocks.0.spe_norm.bias: copying a param with shape torch.Size([32]) from checkpoint, the shape in current model is torch.Size([16]).
	size mismatch for levels.2.ssd_blocks.0.linear1.0.weight: copying a param with shape torch.Size([32, 9]) from checkpoint, the shape in current model is torch.Size([16, 25]).
	size mismatch for levels.2.ssd_blocks.0.linear1.0.bias: copying a param with shape torch.Size([32]) from checkpoint, the shape in current model is torch.Size([16]).
	size mismatch for levels.2.ssd_blocks.0.linear2.0.weight: copying a param with shape torch.Size([9, 32]) from checkpoint, the shape in current model is torch.Size([25, 16]).
	size mismatch for levels.2.ssd_blocks.0.linear2.0.bias: copying a param with shape torch.Size([9]) from checkpoint, the shape in current model is torch.Size([25]).
	size mismatch for head.fc_head.fc.weight: copying a param with shape torch.Size([17, 256]) from checkpoint, the shape in current model is torch.Size([17, 576]).
